#
# There is insufficient memory for the Java Runtime Environment to continue.
# Native memory allocation (malloc) failed to allocate 32744 bytes for ChunkPool::allocate
# Possible reasons:
#   The system is out of physical RAM or swap space
#   The process is running with CompressedOops enabled, and the Java Heap may be blocking the growth of the native heap
# Possible solutions:
#   Reduce memory load on the system
#   Increase physical memory or swap space
#   Check if swap backing store is full
#   Decrease Java heap size (-Xmx/-Xms)
#   Decrease number of Java threads
#   Decrease Java thread stack sizes (-Xss)
#   Set larger code cache with -XX:ReservedCodeCacheSize=
#   JVM is running with Unscaled Compressed Oops mode in which the Java heap is
#     placed in the first 4GB address space. The Java Heap base address is the
#     maximum limit for the native heap growth. Please use -XX:HeapBaseMinAddress
#     to set the Java Heap base and to place the Java Heap above 4GB virtual address.
# This output file may be truncated or incomplete.
#
#  Out of Memory Error (allocation.cpp:272), pid=17204, tid=0x0000000000000f00
#
# JRE version: Java(TM) SE Runtime Environment (8.0_202-b08) (build 1.8.0_202-b08)
# Java VM: Java HotSpot(TM) 64-Bit Server VM (25.202-b08 mixed mode windows-amd64 compressed oops)
# Failed to write core dump. Minidumps are not enabled by default on client versions of Windows
#

---------------  T H R E A D  ---------------

Current thread (0x00000000155da800):  JavaThread "C2 CompilerThread0" daemon [_thread_in_native, id=3840, stack(0x0000000016c50000,0x0000000016d50000)]

Stack: [0x0000000016c50000,0x0000000016d50000]
[error occurred during error reporting (printing stack bounds), id 0xc0000005]

Native frames: (J=compiled Java code, j=interpreted, Vv=VM code, C=native code)


Current CompileTask:
C2:    692  289       4       java.io.WinNTFileSystem::normalize (231 bytes)


---------------  P R O C E S S  ---------------

Java Threads: ( => current thread )
  0x000000001562d800 JavaThread "Service Thread" daemon [_thread_blocked, id=11692, stack(0x0000000017350000,0x0000000017450000)]
  0x00000000155e1800 JavaThread "C1 CompilerThread2" daemon [_thread_blocked, id=13980, stack(0x0000000016e50000,0x0000000016f50000)]
  0x00000000155dd800 JavaThread "C2 CompilerThread1" daemon [_thread_in_native, id=2060, stack(0x0000000016d50000,0x0000000016e50000)]
=>0x00000000155da800 JavaThread "C2 CompilerThread0" daemon [_thread_in_native, id=3840, stack(0x0000000016c50000,0x0000000016d50000)]
  0x00000000155d8800 JavaThread "Attach Listener" daemon [_thread_blocked, id=14464, stack(0x0000000016b50000,0x0000000016c50000)]
  0x00000000155d7000 JavaThread "Signal Dispatcher" daemon [_thread_blocked, id=15964, stack(0x0000000016a50000,0x0000000016b50000)]
  0x0000000002ff9000 JavaThread "Finalizer" daemon [_thread_blocked, id=13840, stack(0x0000000016820000,0x0000000016920000)]
  0x0000000002ff6000 JavaThread "Reference Handler" daemon [_thread_blocked, id=4244, stack(0x0000000016720000,0x0000000016820000)]
  0x0000000002f04000 JavaThread "main" [_thread_in_Java, id=15684, stack(0x0000000002d30000,0x0000000002e30000)]

Other Threads:
  0x0000000015597800 VMThread [stack: 0x0000000016620000,0x0000000016720000] [id=14568]
  0x0000000016fa5800 WatcherThread [stack: 0x00000000175c0000,0x00000000176c0000] [id=16360]

VM state:not at safepoint (normal execution)

VM Mutex/Monitor currently owned by a thread: None

heap address: 0x00000000c1c00000, size: 996 MB, Compressed Oops mode: 32-bit
Narrow klass base: 0x0000000000000000, Narrow klass shift: 3
Compressed class space size: 1073741824 Address: 0x0000000100000000

Heap:
 PSYoungGen      total 18944K, used 8973K [0x00000000eb400000, 0x00000000ed900000, 0x0000000100000000)
  eden space 16384K, 42% used [0x00000000eb400000,0x00000000ebadd980,0x00000000ec400000)
  from space 2560K, 75% used [0x00000000ec680000,0x00000000ec865b38,0x00000000ec900000)
  to   space 2560K, 0% used [0x00000000ec400000,0x00000000ec400000,0x00000000ec680000)
 ParOldGen       total 44032K, used 16K [0x00000000c1c00000, 0x00000000c4700000, 0x00000000eb400000)
  object space 44032K, 0% used [0x00000000c1c00000,0x00000000c1c04000,0x00000000c4700000)
 Metaspace       used 3289K, capacity 4856K, committed 5120K, reserved 1056768K
  class space    used 330K, capacity 424K, committed 512K, reserved 1048576K

Card table byte_map: [0x00000000123c0000,0x00000000125c0000] byte_map_base: 0x0000000011db2000

Marking Bits: (ParMarkBitMap*) 0x000000005b4e5ce0
 Begin Bits: [0x0000000012b10000, 0x0000000013aa0000)
 End Bits:   [0x0000000013aa0000, 0x0000000014a30000)

Polling page: 0x0000000001080000

CodeCache: size=245760Kb used=1957Kb max_used=1957Kb free=243802Kb
 bounds [0x0000000003000000, 0x0000000003270000, 0x0000000012000000]
 total_blobs=537 nmethods=302 adapters=148
 compilation: enabled

Compilation events (10 events):
Event: 0.669 Thread 0x00000000155e1800  300       3       java.util.AbstractCollection::<init> (5 bytes)
Event: 0.669 Thread 0x00000000155e1800 nmethod 300 0x00000000031dee90 code [0x00000000031defe0, 0x00000000031df190]
Event: 0.672 Thread 0x00000000155e1800  301       3       java.io.IOException::<init> (6 bytes)
Event: 0.673 Thread 0x00000000155e1800 nmethod 301 0x00000000031dea50 code [0x00000000031debc0, 0x00000000031deda8]
Event: 0.676 Thread 0x00000000155e1800  303       3       java.io.FileNotFoundException::<init> (6 bytes)
Event: 0.676 Thread 0x00000000155e1800 nmethod 303 0x00000000031de590 code [0x00000000031de700, 0x00000000031de948]
Event: 0.685 Thread 0x00000000155e1800  304       3       java.nio.DirectLongBufferU::get (16 bytes)
Event: 0.685 Thread 0x00000000155e1800 nmethod 304 0x00000000031de090 code [0x00000000031de200, 0x00000000031de470]
Event: 0.685 Thread 0x00000000155e1800  305       3       java.io.FilterInputStream::<init> (10 bytes)
Event: 0.686 Thread 0x00000000155e1800 nmethod 305 0x00000000031eae10 code [0x00000000031eaf80, 0x00000000031eb1d0]

GC Heap History (4 events):
Event: 0.263 GC heap before
{Heap before GC invocations=1 (full 0):
 PSYoungGen      total 18944K, used 16384K [0x00000000eb400000, 0x00000000ec900000, 0x0000000100000000)
  eden space 16384K, 100% used [0x00000000eb400000,0x00000000ec400000,0x00000000ec400000)
  from space 2560K, 0% used [0x00000000ec680000,0x00000000ec680000,0x00000000ec900000)
  to   space 2560K, 0% used [0x00000000ec400000,0x00000000ec400000,0x00000000ec680000)
 ParOldGen       total 44032K, used 0K [0x00000000c1c00000, 0x00000000c4700000, 0x00000000eb400000)
  object space 44032K, 0% used [0x00000000c1c00000,0x00000000c1c00000,0x00000000c4700000)
 Metaspace       used 3152K, capacity 4856K, committed 5120K, reserved 1056768K
  class space    used 329K, capacity 424K, committed 512K, reserved 1048576K
Event: 0.265 GC heap after
Heap after GC invocations=1 (full 0):
 PSYoungGen      total 18944K, used 929K [0x00000000eb400000, 0x00000000ec900000, 0x0000000100000000)
  eden space 16384K, 0% used [0x00000000eb400000,0x00000000eb400000,0x00000000ec400000)
  from space 2560K, 36% used [0x00000000ec400000,0x00000000ec4e85b8,0x00000000ec680000)
  to   space 2560K, 0% used [0x00000000ec680000,0x00000000ec680000,0x00000000ec900000)
 ParOldGen       total 44032K, used 8K [0x00000000c1c00000, 0x00000000c4700000, 0x00000000eb400000)
  object space 44032K, 0% used [0x00000000c1c00000,0x00000000c1c02000,0x00000000c4700000)
 Metaspace       used 3152K, capacity 4856K, committed 5120K, reserved 1056768K
  class space    used 329K, capacity 424K, committed 512K, reserved 1048576K
}
Event: 0.536 GC heap before
{Heap before GC invocations=2 (full 0):
 PSYoungGen      total 18944K, used 17313K [0x00000000eb400000, 0x00000000ec900000, 0x0000000100000000)
  eden space 16384K, 100% used [0x00000000eb400000,0x00000000ec400000,0x00000000ec400000)
  from space 2560K, 36% used [0x00000000ec400000,0x00000000ec4e85b8,0x00000000ec680000)
  to   space 2560K, 0% used [0x00000000ec680000,0x00000000ec680000,0x00000000ec900000)
 ParOldGen       total 44032K, used 8K [0x00000000c1c00000, 0x00000000c4700000, 0x00000000eb400000)
  object space 44032K, 0% used [0x00000000c1c00000,0x00000000c1c02000,0x00000000c4700000)
 Metaspace       used 3265K, capacity 4856K, committed 5120K, reserved 1056768K
  class space    used 330K, capacity 424K, committed 512K, reserved 1048576K
Event: 0.540 GC heap after
Heap after GC invocations=2 (full 0):
 PSYoungGen      total 18944K, used 1942K [0x00000000eb400000, 0x00000000ed900000, 0x0000000100000000)
  eden space 16384K, 0% used [0x00000000eb400000,0x00000000eb400000,0x00000000ec400000)
  from space 2560K, 75% used [0x00000000ec680000,0x00000000ec865b38,0x00000000ec900000)
  to   space 2560K, 0% used [0x00000000ec400000,0x00000000ec400000,0x00000000ec680000)
 ParOldGen       total 44032K, used 16K [0x00000000c1c00000, 0x00000000c4700000, 0x00000000eb400000)
  object space 44032K, 0% used [0x00000000c1c00000,0x00000000c1c04000,0x00000000c4700000)
 Metaspace       used 3265K, capacity 4856K, committed 5120K, reserved 1056768K
  class space    used 330K, capacity 424K, committed 512K, reserved 1048576K
}

Deoptimization events (0 events):
No events

Classes redefined (0 events):
No events

Internal exceptions (10 events):
Event: 0.687 Thread 0x0000000002f04000 Exception <a 'java/security/PrivilegedActionException'> (0x00000000eba614e0) thrown at [C:\re\workspace\8-2-build-windows-amd64-cygwin\jdk8u202\12323\hotspot\src\share\vm\prims\jvm.cpp, line 1502]
Event: 0.687 Thread 0x0000000002f04000 Exception <a 'java/security/PrivilegedActionException'> (0x00000000eba616f0) thrown at [C:\re\workspace\8-2-build-windows-amd64-cygwin\jdk8u202\12323\hotspot\src\share\vm\prims\jvm.cpp, line 1502]
Event: 0.689 Thread 0x0000000002f04000 Exception <a 'java/security/PrivilegedActionException'> (0x00000000eba9a5f0) thrown at [C:\re\workspace\8-2-build-windows-amd64-cygwin\jdk8u202\12323\hotspot\src\share\vm\prims\jvm.cpp, line 1502]
Event: 0.689 Thread 0x0000000002f04000 Exception <a 'java/security/PrivilegedActionException'> (0x00000000eba9a800) thrown at [C:\re\workspace\8-2-build-windows-amd64-cygwin\jdk8u202\12323\hotspot\src\share\vm\prims\jvm.cpp, line 1502]
Event: 0.689 Thread 0x0000000002f04000 Exception <a 'java/security/PrivilegedActionException'> (0x00000000eba9c800) thrown at [C:\re\workspace\8-2-build-windows-amd64-cygwin\jdk8u202\12323\hotspot\src\share\vm\prims\jvm.cpp, line 1502]
Event: 0.689 Thread 0x0000000002f04000 Exception <a 'java/security/PrivilegedActionException'> (0x00000000eba9ca10) thrown at [C:\re\workspace\8-2-build-windows-amd64-cygwin\jdk8u202\12323\hotspot\src\share\vm\prims\jvm.cpp, line 1502]
Event: 0.689 Thread 0x0000000002f04000 Exception <a 'java/security/PrivilegedActionException'> (0x00000000eba9f0c0) thrown at [C:\re\workspace\8-2-build-windows-amd64-cygwin\jdk8u202\12323\hotspot\src\share\vm\prims\jvm.cpp, line 1502]
Event: 0.689 Thread 0x0000000002f04000 Exception <a 'java/security/PrivilegedActionException'> (0x00000000eba9f2d0) thrown at [C:\re\workspace\8-2-build-windows-amd64-cygwin\jdk8u202\12323\hotspot\src\share\vm\prims\jvm.cpp, line 1502]
Event: 0.689 Thread 0x0000000002f04000 Exception <a 'java/security/PrivilegedActionException'> (0x00000000ebaa0990) thrown at [C:\re\workspace\8-2-build-windows-amd64-cygwin\jdk8u202\12323\hotspot\src\share\vm\prims\jvm.cpp, line 1502]
Event: 0.689 Thread 0x0000000002f04000 Exception <a 'java/security/PrivilegedActionException'> (0x00000000ebaa0ba0) thrown at [C:\re\workspace\8-2-build-windows-amd64-cygwin\jdk8u202\12323\hotspot\src\share\vm\prims\jvm.cpp, line 1502]

Events (10 events):
Event: 0.354 Thread 0x0000000002f04000 DEOPT PACKING pc=0x0000000003113076 sp=0x0000000002e2b830
Event: 0.354 Thread 0x0000000002f04000 DEOPT UNPACKING pc=0x0000000003047890 sp=0x0000000002e2b508 mode 0
Event: 0.536 Executing VM operation: ParallelGCFailedAllocation
Event: 0.540 Executing VM operation: ParallelGCFailedAllocation done
Event: 0.638 Thread 0x0000000002f04000 DEOPT PACKING pc=0x000000000315bf4c sp=0x0000000002e29ed0
Event: 0.638 Thread 0x0000000002f04000 DEOPT UNPACKING pc=0x0000000003047890 sp=0x0000000002e29d48 mode 0
Event: 0.660 Thread 0x0000000002f04000 DEOPT PACKING pc=0x000000000315bf4c sp=0x0000000002e2ace0
Event: 0.660 Thread 0x0000000002f04000 DEOPT UNPACKING pc=0x0000000003047890 sp=0x0000000002e2ab58 mode 0
Event: 0.682 Thread 0x0000000002f04000 DEOPT PACKING pc=0x000000000315bf4c sp=0x0000000002e29ec0
Event: 0.682 Thread 0x0000000002f04000 DEOPT UNPACKING pc=0x0000000003047890 sp=0x0000000002e29d38 mode 0


Dynamic libraries:
0x00007ff6588e0000 - 0x00007ff658917000 	C:\Program Files\Java\jdk1.8.0_202\bin\java.exe
0x00007ffc57190000 - 0x00007ffc57388000 	C:\WINDOWS\SYSTEM32\ntdll.dll
0x00007ffc56410000 - 0x00007ffc564d2000 	C:\WINDOWS\System32\KERNEL32.DLL
0x00007ffc54b20000 - 0x00007ffc54e1f000 	C:\WINDOWS\System32\KERNELBASE.dll
0x00007ffc568e0000 - 0x00007ffc5698f000 	C:\WINDOWS\System32\ADVAPI32.dll
0x00007ffc56620000 - 0x00007ffc566be000 	C:\WINDOWS\System32\msvcrt.dll
0x00007ffc56990000 - 0x00007ffc56a2f000 	C:\WINDOWS\System32\sechost.dll
0x00007ffc56a40000 - 0x00007ffc56b63000 	C:\WINDOWS\System32\RPCRT4.dll
0x00007ffc54f90000 - 0x00007ffc54fb7000 	C:\WINDOWS\System32\bcrypt.dll
0x00007ffc56240000 - 0x00007ffc563dd000 	C:\WINDOWS\System32\USER32.dll
0x00007ffc549f0000 - 0x00007ffc54a12000 	C:\WINDOWS\System32\win32u.dll
0x00007ffc55990000 - 0x00007ffc559bb000 	C:\WINDOWS\System32\GDI32.dll
0x00007ffc550f0000 - 0x00007ffc5520a000 	C:\WINDOWS\System32\gdi32full.dll
0x00007ffc54fc0000 - 0x00007ffc5505d000 	C:\WINDOWS\System32\msvcp_win.dll
0x00007ffc54a20000 - 0x00007ffc54b20000 	C:\WINDOWS\System32\ucrtbase.dll
0x00007ffc3bad0000 - 0x00007ffc3bd6a000 	C:\WINDOWS\WinSxS\amd64_microsoft.windows.common-controls_6595b64144ccf1df_6.0.19041.4355_none_60b8b9eb71f62e16\COMCTL32.dll
0x00007ffc563e0000 - 0x00007ffc5640f000 	C:\WINDOWS\System32\IMM32.DLL
0x000000005abe0000 - 0x000000005acb2000 	C:\Program Files\Java\jdk1.8.0_202\jre\bin\msvcr100.dll
0x000000005acc0000 - 0x000000005b565000 	C:\Program Files\Java\jdk1.8.0_202\jre\bin\server\jvm.dll
0x00007ffc55210000 - 0x00007ffc55218000 	C:\WINDOWS\System32\PSAPI.DLL
0x00007ffc41a50000 - 0x00007ffc41a77000 	C:\WINDOWS\SYSTEM32\WINMM.dll
0x00007ffc38150000 - 0x00007ffc38159000 	C:\WINDOWS\SYSTEM32\WSOCK32.dll
0x00007ffc44890000 - 0x00007ffc4489a000 	C:\WINDOWS\SYSTEM32\VERSION.dll
0x00007ffc564e0000 - 0x00007ffc5654b000 	C:\WINDOWS\System32\WS2_32.dll
0x00007ffc4dea0000 - 0x00007ffc4deaf000 	C:\Program Files\Java\jdk1.8.0_202\jre\bin\verify.dll
0x00007ffc4dcc0000 - 0x00007ffc4dce9000 	C:\Program Files\Java\jdk1.8.0_202\jre\bin\java.dll
0x00007ffc4dca0000 - 0x00007ffc4dcb6000 	C:\Program Files\Java\jdk1.8.0_202\jre\bin\zip.dll
0x00007ffc55220000 - 0x00007ffc5598d000 	C:\WINDOWS\System32\SHELL32.dll
0x00007ffc52910000 - 0x00007ffc530b4000 	C:\WINDOWS\SYSTEM32\windows.storage.dll
0x00007ffc56c20000 - 0x00007ffc56f75000 	C:\WINDOWS\System32\combase.dll
0x00007ffc542c0000 - 0x00007ffc542eb000 	C:\WINDOWS\SYSTEM32\Wldp.dll
0x00007ffc56550000 - 0x00007ffc5661d000 	C:\WINDOWS\System32\OLEAUT32.dll
0x00007ffc559c0000 - 0x00007ffc55a6d000 	C:\WINDOWS\System32\SHCORE.dll
0x00007ffc55a70000 - 0x00007ffc55ac5000 	C:\WINDOWS\System32\shlwapi.dll
0x00007ffc547c0000 - 0x00007ffc547e5000 	C:\WINDOWS\SYSTEM32\profapi.dll

VM Arguments:
jvm_args: -Dfile.encoding=UTF-8 -Xbootclasspath/p:C:\Program Files\NetBeans 8.0.2\enterprise\modules\ext\javaee6-endorsed\javax.annotation.jar;C:\Program Files\NetBeans 8.0.2\enterprise\modules\ext\javaee6-endorsed\jaxb-api-osgi.jar;C:\Program Files\NetBeans 8.0.2\enterprise\modules\ext\javaee6-endorsed\webservices-api-osgi.jar 
java_command: test.Test
java_class_path (initial): C:\Users\go\Documents\NetBeansProjects\ActivityControl\build\web\WEB-INF\classes;C:\Program Files\NetBeans 8.0.2\java\modules\ext\hibernate4\antlr-2.7.7.jar;C:\Program Files\NetBeans 8.0.2\java\modules\ext\hibernate4\c3p0-0.9.2.1.jar;C:\Program Files\NetBeans 8.0.2\java\modules\ext\hibernate4\hibernate-c3p0-4.3.1.Final.jar;C:\Program Files\NetBeans 8.0.2\java\modules\ext\hibernate4\mchange-commons-java-0.2.3.4.jar;C:\Program Files\NetBeans 8.0.2\java\modules\ext\hibernate4\dom4j-1.6.1.jar;C:\Program Files\NetBeans 8.0.2\java\modules\ext\hibernate4\ehcache-core-2.4.3.jar;C:\Program Files\NetBeans 8.0.2\java\modules\ext\hibernate4\hibernate-ehcache-4.3.1.Final.jar;C:\Program Files\NetBeans 8.0.2\java\modules\ext\hibernate4\hibernate-core-4.3.1.Final.jar;C:\Program Files\NetBeans 8.0.2\java\modules\ext\hibernate4\jboss-logging-3.1.3.GA.jar;C:\Program Files\NetBeans 8.0.2\java\modules\ext\hibernate4\hibernate-commons-annotations-4.0.4.Final.jar;C:\Program Files\NetBeans 8.0.2\java\modules\ext\hibernate4\hibernate-entitymanager-4.3.1.Final.jar;C:\Program Files\NetBeans 8.0.2\java\modules\ext\hibernate4\javassist-3.18.1-GA.jar;C:\Program Files\NetBeans 8.0.2\java\modules\ext\hibernate4\jboss-transaction-api_1.2_spec-1.0.0.Final.jar;C:\Program Files\NetBeans 8.0.2\java\modules\ext\hibernate4\slf4j-api-1.6.1.jar;C:\Program Files\NetBeans 8.0.2\java\modules\ext\hibernate4\slf4j-simple-1.6.1.jar;C:\Program Files\NetBeans 8.0.2\java\modules\ext\hibernate4\hibernate-jpa-2.1-api-1.0.0.Final.jar;C:\Program Files\NetBeans 8.0.2\ide\modules\ext\mysql-connector-java-5.1.23-bin.jar;C:\Program Files\glassfish-4.1\glassfish\modules\endorsed\javax.annotation-api.jar;C:\Program Files\glassfish-4.1\glassfish\modules\endorsed\jaxb-api.jar;C:\Program Files\glassfish-4.1\glassfish\modules\endorsed\webservices-api-osgi.jar;C:\Program Files\glassfish-4.1\glassfish\modules\bean-validator.jar;C:\Program Files\glassfish-4.1\glassfish\modules\javax.batch-api.jar;C:\Pro
Launcher Type: SUN_STANDARD

Environment Variables:
JAVA_HOME=C:\Program Files\Java\jdk-21
PATH=C:\app\FATI\product\23ai\dbhomeFree\bin;C:\Program Files (x86)\Common Files\Oracle\Java\javapath;C:\Program Files\Java\jdk-21\bin;C:\Program Files\Common Files\Oracle\Java\javapath;C:\WINDOWS\system32;C:\WINDOWS;C:\WINDOWS\System32\Wbem;C:\WINDOWS\System32\WindowsPowerShell\v1.0\;C:\WINDOWS\System32\OpenSSH\;C:\MinGW\bin;C:\ProgramData\chocolatey\bin;C:\Program Files\Git\cmd;C:\xampp\php;C:\ProgramData\ComposerSetup\bin;C:\composer;C:\Users\go\AppData\Local\Programs\Python\Python313\Scripts\;C:\Users\go\AppData\Local\Programs\Python\Python313\;C:\Users\go\AppData\Local\Microsoft\WindowsApps;C:\Users\go\AppData\Local\Programs\Microsoft VS Code\bin;C:\Program Files\MySQL\MySQL Server X.X\bin;C:\Users\go\AppData\Local\GitHubDesktop\bin;C:\Users\go\AppData\Roaming\Composer\vendor\bin;C:\Program Files\JetBrains\IntelliJ IDEA 2024.3.5\bin;
USERNAME=FATI
OS=Windows_NT
PROCESSOR_IDENTIFIER=Intel64 Family 6 Model 142 Stepping 9, GenuineIntel



---------------  S Y S T E M  ---------------

OS: Windows 10.0 , 64 bit Build 19041 (10.0.19041.5438)

CPU:total 4 (initial active 4) (2 cores per cpu, 2 threads per core) family 6 model 142 stepping 9, cmov, cx8, fxsr, mmx, sse, sse2, sse3, ssse3, sse4.1, sse4.2, popcnt, avx, avx2, aes, clmul, erms, 3dnowpref, lzcnt, ht, tsc, tscinvbit, bmi1, bmi2, adx

Memory: 4k page, physical 4074916k(284964k free), swap 9869600k(4108k free)

vm_info: Java HotSpot(TM) 64-Bit Server VM (25.202-b08) for windows-amd64 JRE (1.8.0_202-b08), built on Dec 15 2018 19:54:30 by "java_re" with MS VC++ 10.0 (VS2010)

time: Thu Apr 10 17:14:09 2025
timezone: Europe de l’Ouest (heure d’été)
elapsed time: 0 seconds (0d 0h 0m 0s)

